<?xml version="1.0" encoding="UTF-8"?>
<coverage generated="1778076185647" clover="3.2.0">
  <project timestamp="1778076185647" name="All files">
    <metrics statements="27" coveredstatements="26" conditionals="16" coveredconditionals="15" methods="10" coveredmethods="9" elements="53" coveredelements="50" complexity="0" loc="27" ncloc="27" packages="1" files="5" classes="5"/>
    <file name="Checklist.tsx" path="/Users/douglasjasper/Desktop/REACT2026AM/testing/src/Checklist/Checklist.tsx">
      <metrics statements="10" coveredstatements="10" conditionals="4" coveredconditionals="4" methods="2" coveredmethods="2"/>
      <line num="27" count="7" type="stmt"/>
      <line num="31" count="7" type="stmt"/>
      <line num="34" count="7" type="stmt"/>
      <line num="35" count="7" type="stmt"/>
      <line num="36" count="7" type="cond" truecount="2" falsecount="0"/>
      <line num="37" count="1" type="stmt"/>
      <line num="39" count="6" type="stmt"/>
      <line num="40" count="6" type="stmt"/>
      <line num="41" count="6" type="stmt"/>
      <line num="42" count="6" type="stmt"/>
    </file>
    <file name="assertValueCanBeRendered.ts" path="/Users/douglasjasper/Desktop/REACT2026AM/testing/src/Checklist/assertValueCanBeRendered.ts">
      <metrics statements="2" coveredstatements="2" conditionals="4" coveredconditionals="4" methods="1" coveredmethods="1"/>
      <line num="4" count="16" type="cond" truecount="4" falsecount="0"/>
      <line num="5" count="1" type="stmt"/>
    </file>
    <file name="getNewCheckedIds.ts" path="/Users/douglasjasper/Desktop/REACT2026AM/testing/src/Checklist/getNewCheckedIds.ts">
      <metrics statements="3" coveredstatements="2" conditionals="2" coveredconditionals="1" methods="2" coveredmethods="1"/>
      <line num="5" count="2" type="cond" truecount="1" falsecount="1"/>
      <line num="6" count="0" type="stmt"/>
      <line num="8" count="2" type="stmt"/>
    </file>
    <file name="isChecked.ts" path="/Users/douglasjasper/Desktop/REACT2026AM/testing/src/Checklist/isChecked.ts">
      <metrics statements="1" coveredstatements="1" conditionals="0" coveredconditionals="0" methods="1" coveredmethods="1"/>
      <line num="4" count="10" type="stmt"/>
    </file>
    <file name="useChecked.ts" path="/Users/douglasjasper/Desktop/REACT2026AM/testing/src/Checklist/useChecked.ts">
      <metrics statements="11" coveredstatements="11" conditionals="6" coveredconditionals="6" methods="4" coveredmethods="4"/>
      <line num="10" count="7" type="cond" truecount="2" falsecount="0"/>
      <line num="12" count="7" type="stmt"/>
      <line num="13" count="2" type="stmt"/>
      <line num="14" count="2" type="cond" truecount="2" falsecount="0"/>
      <line num="15" count="1" type="stmt"/>
      <line num="17" count="2" type="stmt"/>
      <line num="20" count="7" type="stmt"/>
      <line num="21" count="5" type="stmt"/>
      <line num="22" count="5" type="cond" truecount="2" falsecount="0"/>
      <line num="23" count="1" type="stmt"/>
      <line num="27" count="7" type="stmt"/>
    </file>
  </project>
</coverage>
