{"/Users/douglasjasper/Desktop/REACT2026AM/testing/src/Checklist/Checklist.tsx": {"path":"/Users/douglasjasper/Desktop/REACT2026AM/testing/src/Checklist/Checklist.tsx","statementMap":{"0":{"start":{"line":27,"column":48},"end":{"line":30,"column":null}},"1":{"start":{"line":31,"column":2},"end":{"line":61,"column":null}},"2":{"start":{"line":34,"column":24},"end":{"line":34,"column":null}},"3":{"start":{"line":35,"column":8},"end":{"line":35,"column":null}},"4":{"start":{"line":36,"column":8},"end":{"line":38,"column":null}},"5":{"start":{"line":37,"column":10},"end":{"line":37,"column":null}},"6":{"start":{"line":39,"column":28},"end":{"line":39,"column":null}},"7":{"start":{"line":40,"column":8},"end":{"line":40,"column":null}},"8":{"start":{"line":41,"column":30},"end":{"line":41,"column":null}},"9":{"start":{"line":42,"column":8},"end":{"line":58,"column":null}}},"fnMap":{"0":{"name":"Checklist","decl":{"start":{"line":17,"column":16},"end":{"line":17,"column":32}},"loc":{"start":{"line":26,"column":16},"end":{"line":63,"column":null}},"line":26},"1":{"name":"(anonymous_1)","decl":{"start":{"line":33,"column":16},"end":{"line":33,"column":17}},"loc":{"start":{"line":33,"column":26},"end":{"line":60,"column":7}},"line":33}},"branchMap":{"0":{"loc":{"start":{"line":36,"column":8},"end":{"line":38,"column":null}},"type":"if","locations":[{"start":{"line":36,"column":8},"end":{"line":38,"column":null}},{"start":{},"end":{}}],"line":36},"1":{"loc":{"start":{"line":53,"column":17},"end":{"line":54,"column":null}},"type":"binary-expr","locations":[{"start":{"line":53,"column":17},"end":{"line":53,"column":null}},{"start":{"line":54,"column":18},"end":{"line":54,"column":null}}],"line":53}},"s":{"0":7,"1":7,"2":7,"3":7,"4":7,"5":1,"6":6,"7":6,"8":6,"9":6},"f":{"0":7,"1":7},"b":{"0":[1,6],"1":[6,6]},"meta":{"lastBranch":2,"lastFunction":2,"lastStatement":10,"seen":{"f:17:16:17:32":0,"s:27:48:30:Infinity":0,"s:31:2:61:Infinity":1,"f:33:16:33:17":1,"s:34:24:34:Infinity":2,"s:35:8:35:Infinity":3,"b:36:8:38:Infinity:undefined:undefined:undefined:undefined":0,"s:36:8:38:Infinity":4,"s:37:10:37:Infinity":5,"s:39:28:39:Infinity":6,"s:40:8:40:Infinity":7,"s:41:30:41:Infinity":8,"s:42:8:58:Infinity":9,"b:53:17:53:Infinity:54:18:54:Infinity":1}}}
,"/Users/douglasjasper/Desktop/REACT2026AM/testing/src/Checklist/assertValueCanBeRendered.ts": {"path":"/Users/douglasjasper/Desktop/REACT2026AM/testing/src/Checklist/assertValueCanBeRendered.ts","statementMap":{"0":{"start":{"line":4,"column":2},"end":{"line":6,"column":null}},"1":{"start":{"line":5,"column":4},"end":{"line":5,"column":null}}},"fnMap":{"0":{"name":"assertValueCanBeRendered","decl":{"start":{"line":3,"column":16},"end":{"line":3,"column":41}},"loc":{"start":{"line":3,"column":83},"end":{"line":7,"column":null}},"line":3}},"branchMap":{"0":{"loc":{"start":{"line":4,"column":2},"end":{"line":6,"column":null}},"type":"if","locations":[{"start":{"line":4,"column":2},"end":{"line":6,"column":null}},{"start":{},"end":{}}],"line":4},"1":{"loc":{"start":{"line":4,"column":6},"end":{"line":4,"column":62}},"type":"binary-expr","locations":[{"start":{"line":4,"column":6},"end":{"line":4,"column":35}},{"start":{"line":4,"column":35},"end":{"line":4,"column":62}}],"line":4}},"s":{"0":16,"1":1},"f":{"0":16},"b":{"0":[1,15],"1":[16,9]},"meta":{"lastBranch":2,"lastFunction":1,"lastStatement":2,"seen":{"f:3:16:3:41":0,"b:4:2:6:Infinity:undefined:undefined:undefined:undefined":0,"s:4:2:6:Infinity":0,"b:4:6:4:35:4:35:4:62":1,"s:5:4:5:Infinity":1}}}
,"/Users/douglasjasper/Desktop/REACT2026AM/testing/src/Checklist/getNewCheckedIds.ts": {"path":"/Users/douglasjasper/Desktop/REACT2026AM/testing/src/Checklist/getNewCheckedIds.ts","statementMap":{"0":{"start":{"line":5,"column":2},"end":{"line":9,"column":null}},"1":{"start":{"line":6,"column":4},"end":{"line":6,"column":null}},"2":{"start":{"line":6,"column":55},"end":{"line":6,"column":82}},"3":{"start":{"line":8,"column":4},"end":{"line":8,"column":null}}},"fnMap":{"0":{"name":"getNewCheckedIds","decl":{"start":{"line":4,"column":16},"end":{"line":4,"column":33}},"loc":{"start":{"line":4,"column":83},"end":{"line":10,"column":null}},"line":4},"1":{"name":"(anonymous_1)","decl":{"start":{"line":6,"column":36},"end":{"line":6,"column":37}},"loc":{"start":{"line":6,"column":55},"end":{"line":6,"column":82}},"line":6}},"branchMap":{"0":{"loc":{"start":{"line":5,"column":2},"end":{"line":9,"column":null}},"type":"if","locations":[{"start":{"line":5,"column":2},"end":{"line":9,"column":null}},{"start":{"line":7,"column":9},"end":{"line":9,"column":null}}],"line":5}},"s":{"0":2,"1":0,"2":0,"3":2},"f":{"0":2,"1":0},"b":{"0":[0,2]},"meta":{"lastBranch":1,"lastFunction":2,"lastStatement":4,"seen":{"f:4:16:4:33":0,"b:5:2:9:Infinity:7:9:9:Infinity":0,"s:5:2:9:Infinity":0,"s:6:4:6:Infinity":1,"f:6:36:6:37":1,"s:6:55:6:82":2,"s:8:4:8:Infinity":3}}}
,"/Users/douglasjasper/Desktop/REACT2026AM/testing/src/Checklist/isChecked.ts": {"path":"/Users/douglasjasper/Desktop/REACT2026AM/testing/src/Checklist/isChecked.ts","statementMap":{"0":{"start":{"line":4,"column":2},"end":{"line":4,"column":null}}},"fnMap":{"0":{"name":"isChecked","decl":{"start":{"line":3,"column":16},"end":{"line":3,"column":26}},"loc":{"start":{"line":3,"column":67},"end":{"line":5,"column":null}},"line":3}},"branchMap":{},"s":{"0":10},"f":{"0":10},"b":{},"meta":{"lastBranch":0,"lastFunction":1,"lastStatement":1,"seen":{"f:3:16:3:26":0,"s:4:2:4:Infinity":0}}}
,"/Users/douglasjasper/Desktop/REACT2026AM/testing/src/Checklist/useChecked.ts": {"path":"/Users/douglasjasper/Desktop/REACT2026AM/testing/src/Checklist/useChecked.ts","statementMap":{"0":{"start":{"line":10,"column":50},"end":{"line":10,"column":null}},"1":{"start":{"line":12,"column":28},"end":{"line":18,"column":null}},"2":{"start":{"line":12,"column":52},"end":{"line":18,"column":null}},"3":{"start":{"line":13,"column":10},"end":{"line":13,"column":null}},"4":{"start":{"line":14,"column":4},"end":{"line":16,"column":null}},"5":{"start":{"line":15,"column":6},"end":{"line":15,"column":null}},"6":{"start":{"line":17,"column":4},"end":{"line":17,"column":null}},"7":{"start":{"line":20,"column":2},"end":{"line":25,"column":null}},"8":{"start":{"line":21,"column":25},"end":{"line":21,"column":null}},"9":{"start":{"line":22,"column":4},"end":{"line":24,"column":null}},"10":{"start":{"line":23,"column":6},"end":{"line":23,"column":null}},"11":{"start":{"line":27,"column":2},"end":{"line":27,"column":null}}},"fnMap":{"0":{"name":"useChecked","decl":{"start":{"line":9,"column":16},"end":{"line":9,"column":27}},"loc":{"start":{"line":9,"column":71},"end":{"line":28,"column":null}},"line":9},"1":{"name":"(anonymous_1)","decl":{"start":{"line":12,"column":28},"end":{"line":12,"column":29}},"loc":{"start":{"line":12,"column":52},"end":{"line":18,"column":null}},"line":12},"2":{"name":"(anonymous_2)","decl":{"start":{"line":12,"column":52},"end":{"line":12,"column":58}},"loc":{"start":{"line":12,"column":58},"end":{"line":18,"column":null}},"line":12},"3":{"name":"(anonymous_3)","decl":{"start":{"line":20,"column":12},"end":{"line":20,"column":18}},"loc":{"start":{"line":20,"column":18},"end":{"line":25,"column":5}},"line":20}},"branchMap":{"0":{"loc":{"start":{"line":10,"column":74},"end":{"line":10,"column":90}},"type":"binary-expr","locations":[{"start":{"line":10,"column":74},"end":{"line":10,"column":88}},{"start":{"line":10,"column":88},"end":{"line":10,"column":90}}],"line":10},"1":{"loc":{"start":{"line":14,"column":4},"end":{"line":16,"column":null}},"type":"if","locations":[{"start":{"line":14,"column":4},"end":{"line":16,"column":null}},{"start":{},"end":{}}],"line":14},"2":{"loc":{"start":{"line":22,"column":4},"end":{"line":24,"column":null}},"type":"if","locations":[{"start":{"line":22,"column":4},"end":{"line":24,"column":null}},{"start":{},"end":{}}],"line":22}},"s":{"0":7,"1":7,"2":6,"3":2,"4":2,"5":1,"6":2,"7":7,"8":5,"9":5,"10":1,"11":7},"f":{"0":7,"1":6,"2":2,"3":5},"b":{"0":[7,6],"1":[1,1],"2":[1,4]},"meta":{"lastBranch":3,"lastFunction":4,"lastStatement":12,"seen":{"f:9:16:9:27":0,"s:10:50:10:Infinity":0,"b:10:74:10:88:10:88:10:90":0,"s:12:28:18:Infinity":1,"f:12:28:12:29":1,"s:12:52:18:Infinity":2,"f:12:52:12:58":2,"s:13:10:13:Infinity":3,"b:14:4:16:Infinity:undefined:undefined:undefined:undefined":1,"s:14:4:16:Infinity":4,"s:15:6:15:Infinity":5,"s:17:4:17:Infinity":6,"s:20:2:25:Infinity":7,"f:20:12:20:18":3,"s:21:25:21:Infinity":8,"b:22:4:24:Infinity:undefined:undefined:undefined:undefined":2,"s:22:4:24:Infinity":9,"s:23:6:23:Infinity":10,"s:27:2:27:Infinity":11}}}
}
